<?xml version="1.0" encoding="UTF-8"?>
<testsuites>
  <testsuite name="fastlane.lanes">


      <testcase classname="fastlane.lanes" name="0: default_platform" time="0.000186">

      </testcase>


      <testcase classname="fastlane.lanes" name="1: assembleRelease" time="8.129198">

          <failure
              message="/opt/homebrew/lib/ruby/gems/3.1.0/gems/fastlane-2.212.1/fastlane/lib/fastlane/actions/actions_helper.rb:67:in `execute_action&apos;&#10;/opt/homebrew/lib/ruby/gems/3.1.0/gems/fastlane-2.212.1/fastlane/lib/fastlane/runner.rb:255:in `block in execute_action&apos;&#10;/opt/homebrew/lib/ruby/gems/3.1.0/gems/fastlane-2.212.1/fastlane/lib/fastlane/runner.rb:229:in `chdir&apos;&#10;/opt/homebrew/lib/ruby/gems/3.1.0/gems/fastlane-2.212.1/fastlane/lib/fastlane/runner.rb:229:in `execute_action&apos;&#10;/opt/homebrew/lib/ruby/gems/3.1.0/gems/fastlane-2.212.1/fastlane/lib/fastlane/runner.rb:157:in `trigger_action_by_name&apos;&#10;/opt/homebrew/lib/ruby/gems/3.1.0/gems/fastlane-2.212.1/fastlane/lib/fastlane/fast_file.rb:159:in `method_missing&apos;&#10;Android:20:in `executeGradle&apos;&#10;Fastfile:44:in `block (2 levels) in parsing_binding&apos;&#10;/opt/homebrew/lib/ruby/gems/3.1.0/gems/fastlane-2.212.1/fastlane/lib/fastlane/lane.rb:33:in `call&apos;&#10;/opt/homebrew/lib/ruby/gems/3.1.0/gems/fastlane-2.212.1/fastlane/lib/fastlane/runner.rb:49:in `block in execute&apos;&#10;/opt/homebrew/lib/ruby/gems/3.1.0/gems/fastlane-2.212.1/fastlane/lib/fastlane/runner.rb:45:in `chdir&apos;&#10;/opt/homebrew/lib/ruby/gems/3.1.0/gems/fastlane-2.212.1/fastlane/lib/fastlane/runner.rb:45:in `execute&apos;&#10;/opt/homebrew/lib/ruby/gems/3.1.0/gems/fastlane-2.212.1/fastlane/lib/fastlane/lane_manager.rb:47:in `cruise_lane&apos;&#10;/opt/homebrew/lib/ruby/gems/3.1.0/gems/fastlane-2.212.1/fastlane/lib/fastlane/command_line_handler.rb:36:in `handle&apos;&#10;/opt/homebrew/lib/ruby/gems/3.1.0/gems/fastlane-2.212.1/fastlane/lib/fastlane/commands_generator.rb:110:in `block (2 levels) in run&apos;&#10;/opt/homebrew/lib/ruby/gems/3.1.0/gems/commander-4.6.0/lib/commander/command.rb:187:in `call&apos;&#10;/opt/homebrew/lib/ruby/gems/3.1.0/gems/commander-4.6.0/lib/commander/command.rb:157:in `run&apos;&#10;/opt/homebrew/lib/ruby/gems/3.1.0/gems/commander-4.6.0/lib/commander/runner.rb:444:in `run_active_command&apos;&#10;/opt/homebrew/lib/ruby/gems/3.1.0/gems/fastlane-2.212.1/fastlane_core/lib/fastlane_core/ui/fastlane_runner.rb:124:in `run!&apos;&#10;/opt/homebrew/lib/ruby/gems/3.1.0/gems/commander-4.6.0/lib/commander/delegates.rb:18:in `run!&apos;&#10;/opt/homebrew/lib/ruby/gems/3.1.0/gems/fastlane-2.212.1/fastlane/lib/fastlane/commands_generator.rb:354:in `run&apos;&#10;/opt/homebrew/lib/ruby/gems/3.1.0/gems/fastlane-2.212.1/fastlane/lib/fastlane/commands_generator.rb:43:in `start&apos;&#10;/opt/homebrew/lib/ruby/gems/3.1.0/gems/fastlane-2.212.1/fastlane/lib/fastlane/cli_tools_distributor.rb:123:in `take_off&apos;&#10;/opt/homebrew/lib/ruby/gems/3.1.0/gems/fastlane-2.212.1/bin/fastlane:23:in `&lt;top (required)&gt;&apos;&#10;/opt/homebrew/lib/ruby/gems/3.1.0/bin/fastlane:25:in `load&apos;&#10;/opt/homebrew/lib/ruby/gems/3.1.0/bin/fastlane:25:in `&lt;main&gt;&apos;&#10;&#10;Exit status of command &apos;/Users/oleg/Developer/uaTranslit/android/gradlew assembleRelease -p . -Pandroid.injected.signing.key.alias=bossly -Pandroid.injected.signing.key.password=\[Hx\]N\[g\~O6wmh4983.5x -Pandroid.injected.signing.store.file=./../release.keystore -Pandroid.injected.signing.store.password=1pQ9/gh\&gt;79B.\~\&amp;5d6/6E -PversionName=1.4.1 -PversionCode=37 -S&apos; was 1 instead of 0.&#10;&gt; Task :app:buildKotlinToolingMetadata UP-TO-DATE&#10;&gt; Task :app:preBuild UP-TO-DATE&#10;&gt; Task :app:preReleaseBuild UP-TO-DATE&#10;&gt; Task :app:compileReleaseAidl NO-SOURCE&#10;&gt; Task :app:compileReleaseRenderscript NO-SOURCE&#10;&gt; Task :app:dataBindingMergeDependencyArtifactsRelease UP-TO-DATE&#10;&gt; Task :app:generateReleaseResValues UP-TO-DATE&#10;&gt; Task :app:generateReleaseResources UP-TO-DATE&#10;&gt; Task :app:mergeReleaseResources UP-TO-DATE&#10;&gt; Task :app:packageReleaseResources UP-TO-DATE&#10;&gt; Task :app:parseReleaseLocalResources UP-TO-DATE&#10;&gt; Task :app:dataBindingGenBaseClassesRelease UP-TO-DATE&#10;&gt; Task :app:dataBindingTriggerRelease UP-TO-DATE&#10;&gt; Task :app:generateReleaseBuildConfig UP-TO-DATE&#10;&gt; Task :app:generateSafeArgsRelease UP-TO-DATE&#10;&gt; Task :app:checkReleaseAarMetadata UP-TO-DATE&#10;&gt; Task :app:mapReleaseSourceSetPaths UP-TO-DATE&#10;&gt; Task :app:createReleaseCompatibleScreenManifests UP-TO-DATE&#10;&gt; Task :app:extractDeepLinksRelease UP-TO-DATE&#10;&gt; Task :app:processReleaseMainManifest UP-TO-DATE&#10;&gt; Task :app:processReleaseManifest UP-TO-DATE&#10;&gt; Task :app:processReleaseManifestForPackage UP-TO-DATE&#10;&gt; Task :app:processReleaseResources UP-TO-DATE&#10;&gt; Task :app:compileReleaseKotlin UP-TO-DATE&#10;&gt; Task :app:javaPreCompileRelease UP-TO-DATE&#10;&gt; Task :app:compileReleaseJavaWithJavac&#10;&gt; Task :app:extractProguardFiles UP-TO-DATE&#10;&gt; Task :app:mergeReleaseJniLibFolders UP-TO-DATE&#10;&gt; Task :app:mergeReleaseNativeLibs NO-SOURCE&#10;&gt; Task :app:stripReleaseDebugSymbols NO-SOURCE&#10;&gt; Task :app:extractReleaseNativeSymbolTables NO-SOURCE&#10;&gt; Task :app:mergeReleaseNativeDebugMetadata NO-SOURCE&#10;&gt; Task :app:mergeReleaseArtProfile UP-TO-DATE&#10;&gt; Task :app:checkReleaseDuplicateClasses UP-TO-DATE&#10;&gt; Task :app:mergeReleaseGeneratedProguardFiles UP-TO-DATE&#10;&gt; Task :app:processReleaseJavaRes NO-SOURCE&#10;&gt; Task :app:mergeReleaseJavaResource UP-TO-DATE&#10;&gt; Task :app:mergeReleaseShaders UP-TO-DATE&#10;&gt; Task :app:compileReleaseShaders NO-SOURCE&#10;&gt; Task :app:generateReleaseAssets UP-TO-DATE&#10;&gt; Task :app:mergeReleaseAssets UP-TO-DATE&#10;&gt; Task :app:compressReleaseAssets UP-TO-DATE&#10;&gt; Task :app:optimizeReleaseResources UP-TO-DATE&#10;&gt; Task :app:collectReleaseDependencies UP-TO-DATE&#10;&gt; Task :app:sdkReleaseDependencyData UP-TO-DATE&#10;&gt; Task :app:validateSigningRelease UP-TO-DATE&#10;&gt; Task :app:writeReleaseAppMetadata UP-TO-DATE&#10;&gt; Task :app:writeReleaseSigningConfigVersions UP-TO-DATE&#10;&gt; Task :app:lintVitalAnalyzeRelease&#10;&gt; Task :app:lintVitalReportRelease&#10;&gt; Task :app:lintVitalRelease&#10;&gt; Task :app:minifyReleaseWithR8&#10;&gt; Task :app:compileReleaseArtProfile UP-TO-DATE&#10;&gt; Task :app:packageRelease FAILED&#10;&#10;FAILURE: Build failed with an exception.&#10;&#10;* What went wrong:&#10;A problem was found with the configuration of task &apos;:app:packageRelease&apos; (type &apos;PackageApplication&apos;).&#10;  - In plugin &apos;com.android.internal.version-check&apos; type &apos;com.android.build.gradle.tasks.PackageApplication&apos; property &apos;signingConfigData.signingConfigData.storeFile&apos; specifies file &apos;/Users/oleg/Developer/uaTranslit/android/release.keystore&apos; which doesn&apos;t exist.&#10;    &#10;    Reason: An input file was expected to be present but it doesn&apos;t exist.&#10;    &#10;    Possible solutions:&#10;      1. Make sure the file exists before the task is called.&#10;      2. Make sure that the task which produces the file is declared as an input.&#10;    &#10;    Please refer to https://docs.gradle.org/7.5/userguide/validation_problems.html#input_file_does_not_exist for more details about this problem.&#10;&#10;* Try:&#10;&gt; Run with --info or --debug option to get more log output.&#10;&gt; Run with --scan to get full insights.&#10;&#10;* Exception is:&#10;org.gradle.internal.execution.WorkValidationException: A problem was found with the configuration of task &apos;:app:packageRelease&apos; (type &apos;PackageApplication&apos;).&#10;  - In plugin &apos;com.android.internal.version-check&apos; type &apos;com.android.build.gradle.tasks.PackageApplication&apos; property &apos;signingConfigData.signingConfigData.storeFile&apos; specifies file &apos;/Users/oleg/Developer/uaTranslit/android/release.keystore&apos; which doesn&apos;t exist.&#10;    &#10;    Reason: An input file was expected to be present but it doesn&apos;t exist.&#10;    &#10;    Possible solutions:&#10;      1. Make sure the file exists before the task is called.&#10;      2. Make sure that the task which produces the file is declared as an input.&#10;    &#10;    Please refer to https://docs.gradle.org/7.5/userguide/validation_problems.html#input_file_does_not_exist for more details about this problem.&#10;	at org.gradle.internal.execution.WorkValidationException$BuilderWithSummary.build(WorkValidationException.java:109)&#10;	at org.gradle.internal.execution.WorkValidationException$BuilderWithSummary.get(WorkValidationException.java:91)&#10;	at org.gradle.internal.execution.steps.ValidateStep.execute(ValidateStep.java:106)&#10;	at org.gradle.internal.execution.steps.ValidateStep.execute(ValidateStep.java:57)&#10;	at org.gradle.internal.execution.steps.CaptureStateBeforeExecutionStep.execute(CaptureStateBeforeExecutionStep.java:76)&#10;	at org.gradle.internal.execution.steps.CaptureStateBeforeExecutionStep.execute(CaptureStateBeforeExecutionStep.java:50)&#10;	at org.gradle.internal.execution.steps.SkipEmptyWorkStep.executeWithNoEmptySources(SkipEmptyWorkStep.java:254)&#10;	at org.gradle.internal.execution.steps.SkipEmptyWorkStep.execute(SkipEmptyWorkStep.java:91)&#10;	at org.gradle.internal.execution.steps.SkipEmptyWorkStep.execute(SkipEmptyWorkStep.java:56)&#10;	at org.gradle.internal.execution.steps.RemoveUntrackedExecutionStateStep.execute(RemoveUntrackedExecutionStateStep.java:32)&#10;	at org.gradle.internal.execution.steps.RemoveUntrackedExecutionStateStep.execute(RemoveUntrackedExecutionStateStep.java:21)&#10;	at org.gradle.internal.execution.steps.legacy.MarkSnapshottingInputsStartedStep.execute(MarkSnapshottingInputsStartedStep.java:38)&#10;	at org.gradle.internal.execution.steps.LoadPreviousExecutionStateStep.execute(LoadPreviousExecutionStateStep.java:43)&#10;	at org.gradle.internal.execution.steps.LoadPreviousExecutionStateStep.execute(LoadPreviousExecutionStateStep.java:31)&#10;	at org.gradle.internal.execution.steps.AssignWorkspaceStep.lambda$execute$0(AssignWorkspaceStep.java:40)&#10;	at org.gradle.api.internal.tasks.execution.TaskExecution$4.withWorkspace(TaskExecution.java:281)&#10;	at org.gradle.internal.execution.steps.AssignWorkspaceStep.execute(AssignWorkspaceStep.java:40)&#10;	at org.gradle.internal.execution.steps.AssignWorkspaceStep.execute(AssignWorkspaceStep.java:30)&#10;	at org.gradle.internal.execution.steps.IdentityCacheStep.execute(IdentityCacheStep.java:37)&#10;	at org.gradle.internal.execution.steps.IdentityCacheStep.execute(IdentityCacheStep.java:27)&#10;	at org.gradle.internal.execution.steps.IdentifyStep.execute(IdentifyStep.java:44)&#10;	at org.gradle.internal.execution.steps.IdentifyStep.execute(IdentifyStep.java:33)&#10;	at org.gradle.internal.execution.impl.DefaultExecutionEngine$1.execute(DefaultExecutionEngine.java:76)&#10;	at org.gradle.api.internal.tasks.execution.ExecuteActionsTaskExecuter.executeIfValid(ExecuteActionsTaskExecuter.java:139)&#10;	at org.gradle.api.internal.tasks.execution.ExecuteActionsTaskExecuter.execute(ExecuteActionsTaskExecuter.java:128)&#10;	at org.gradle.api.internal.tasks.execution.CleanupStaleOutputsExecuter.execute(CleanupStaleOutputsExecuter.java:77)&#10;	at org.gradle.api.internal.tasks.execution.FinalizePropertiesTaskExecuter.execute(FinalizePropertiesTaskExecuter.java:46)&#10;	at org.gradle.api.internal.tasks.execution.ResolveTaskExecutionModeExecuter.execute(ResolveTaskExecutionModeExecuter.java:51)&#10;	at org.gradle.api.internal.tasks.execution.SkipTaskWithNoActionsExecuter.execute(SkipTaskWithNoActionsExecuter.java:57)&#10;	at org.gradle.api.internal.tasks.execution.SkipOnlyIfTaskExecuter.execute(SkipOnlyIfTaskExecuter.java:56)&#10;	at org.gradle.api.internal.tasks.execution.CatchExceptionTaskExecuter.execute(CatchExceptionTaskExecuter.java:36)&#10;	at org.gradle.api.internal.tasks.execution.EventFiringTaskExecuter$1.executeTask(EventFiringTaskExecuter.java:77)&#10;	at org.gradle.api.internal.tasks.execution.EventFiringTaskExecuter$1.call(EventFiringTaskExecuter.java:55)&#10;	at org.gradle.api.internal.tasks.execution.EventFiringTaskExecuter$1.call(EventFiringTaskExecuter.java:52)&#10;	at org.gradle.internal.operations.DefaultBuildOperationRunner$CallableBuildOperationWorker.execute(DefaultBuildOperationRunner.java:204)&#10;	at org.gradle.internal.operations.DefaultBuildOperationRunner$CallableBuildOperationWorker.execute(DefaultBuildOperationRunner.java:199)&#10;	at org.gradle.internal.operations.DefaultBuildOperationRunner$2.execute(DefaultBuildOperationRunner.java:66)&#10;	at org.gradle.internal.operations.DefaultBuildOperationRunner$2.execute(DefaultBuildOperationRunner.java:59)&#10;	at org.gradle.internal.operations.DefaultBuildOperationRunner.execute(DefaultBuildOperationRunner.java:157)&#10;	at org.gradle.internal.operations.DefaultBuildOperationRunner.execute(DefaultBuildOperationRunner.java:59)&#10;	at org.gradle.internal.operations.DefaultBuildOperationRunner.call(DefaultBuildOperationRunner.java:53)&#10;	at org.gradle.internal.operations.DefaultBuildOperationExecutor.call(DefaultBuildOperationExecutor.java:73)&#10;	at org.gradle.api.internal.tasks.execution.EventFiringTaskExecuter.execute(EventFiringTaskExecuter.java:52)&#10;	at org.gradle.execution.plan.LocalTaskNodeExecutor.execute(LocalTaskNodeExecutor.java:69)&#10;	at org.gradle.execution.taskgraph.DefaultTaskExecutionGraph$InvokeNodeExecutorsAction.execute(DefaultTaskExecutionGraph.java:327)&#10;	at org.gradle.execution.taskgraph.DefaultTaskExecutionGraph$InvokeNodeExecutorsAction.execute(DefaultTaskExecutionGraph.java:314)&#10;	at org.gradle.execution.taskgraph.DefaultTaskExecutionGraph$BuildOperationAwareExecutionAction.execute(DefaultTaskExecutionGraph.java:307)&#10;	at org.gradle.execution.taskgraph.DefaultTaskExecutionGraph$BuildOperationAwareExecutionAction.execute(DefaultTaskExecutionGraph.java:293)&#10;	at org.gradle.execution.plan.DefaultPlanExecutor$ExecutorWorker.execute(DefaultPlanExecutor.java:417)&#10;	at org.gradle.execution.plan.DefaultPlanExecutor$ExecutorWorker.run(DefaultPlanExecutor.java:339)&#10;	at org.gradle.execution.plan.DefaultPlanExecutor.process(DefaultPlanExecutor.java:96)&#10;	at org.gradle.execution.taskgraph.DefaultTaskExecutionGraph.executeWithServices(DefaultTaskExecutionGraph.java:140)&#10;	at org.gradle.execution.taskgraph.DefaultTaskExecutionGraph.execute(DefaultTaskExecutionGraph.java:125)&#10;	at org.gradle.execution.SelectedTaskExecutionAction.execute(SelectedTaskExecutionAction.java:39)&#10;	at org.gradle.execution.DryRunBuildExecutionAction.execute(DryRunBuildExecutionAction.java:51)&#10;	at org.gradle.execution.BuildOperationFiringBuildWorkerExecutor$ExecuteTasks.call(BuildOperationFiringBuildWorkerExecutor.java:54)&#10;	at org.gradle.execution.BuildOperationFiringBuildWorkerExecutor$ExecuteTasks.call(BuildOperationFiringBuildWorkerExecutor.java:43)&#10;	at org.gradle.internal.operations.DefaultBuildOperationRunner$CallableBuildOperationWorker.execute(DefaultBuildOperationRunner.java:204)&#10;	at org.gradle.internal.operations.DefaultBuildOperationRunner$CallableBuildOperationWorker.execute(DefaultBuildOperationRunner.java:199)&#10;	at org.gradle.internal.operations.DefaultBuildOperationRunner$2.execute(DefaultBuildOperationRunner.java:66)&#10;	at org.gradle.internal.operations.DefaultBuildOperationRunner$2.execute(DefaultBuildOperationRunner.java:59)&#10;	at org.gradle.internal.operations.DefaultBuildOperationRunner.execute(DefaultBuildOperationRunner.java:157)&#10;	at org.gradle.internal.operations.DefaultBuildOperationRunner.execute(DefaultBuildOperationRunner.java:59)&#10;	at org.gradle.internal.operations.DefaultBuildOperationRunner.call(DefaultBuildOperationRunner.java:53)&#10;	at org.gradle.internal.operations.DefaultBuildOperationExecutor.call(DefaultBuildOperationExecutor.java:73)&#10;	at org.gradle.execution.BuildOperationFiringBuildWorkerExecutor.execute(BuildOperationFiringBuildWorkerExecutor.java:40)&#10;	at org.gradle.internal.build.DefaultBuildLifecycleController.lambda$executeTasks$7(DefaultBuildLifecycleController.java:161)&#10;	at org.gradle.internal.model.StateTransitionController.doTransition(StateTransitionController.java:247)&#10;	at org.gradle.internal.model.StateTransitionController.lambda$tryTransition$7(StateTransitionController.java:174)&#10;	at org.gradle.internal.work.DefaultSynchronizer.withLock(DefaultSynchronizer.java:44)&#10;	at org.gradle.internal.model.StateTransitionController.tryTransition(StateTransitionController.java:174)&#10;	at org.gradle.internal.build.DefaultBuildLifecycleController.executeTasks(DefaultBuildLifecycleController.java:161)&#10;	at org.gradle.internal.build.DefaultBuildWorkGraphController$DefaultBuildWorkGraph.runWork(DefaultBuildWorkGraphController.java:156)&#10;	at org.gradle.internal.work.DefaultWorkerLeaseService.withLocks(DefaultWorkerLeaseService.java:249)&#10;	at org.gradle.internal.work.DefaultWorkerLeaseService.runAsWorkerThread(DefaultWorkerLeaseService.java:109)&#10;	at org.gradle.composite.internal.DefaultBuildController.doRun(DefaultBuildController.java:164)&#10;	at org.gradle.composite.internal.DefaultBuildController.access$000(DefaultBuildController.java:45)&#10;	at org.gradle.composite.internal.DefaultBuildController$BuildOpRunnable.run(DefaultBuildController.java:183)&#10;	at java.base/java.util.concurrent.Executors$RunnableAdapter.call(Executors.java:515)&#10;	at java.base/java.util.concurrent.FutureTask.run(FutureTask.java:264)&#10;	at org.gradle.internal.concurrent.ExecutorPolicy$CatchAndRecordFailures.onExecute(ExecutorPolicy.java:64)&#10;	at org.gradle.internal.concurrent.ManagedExecutorImpl$1.run(ManagedExecutorImpl.java:48)&#10;	at java.base/java.util.concurrent.ThreadPoolExecutor.runWorker(ThreadPoolExecutor.java:1128)&#10;	at java.base/java.util.concurrent.ThreadPoolExecutor$Worker.run(ThreadPoolExecutor.java:628)&#10;	at java.base/java.lang.Thread.run(Thread.java:829)&#10;&#10;&#10;* Get more help at https://help.gradle.org&#10;&#10;BUILD FAILED in 7s&#10;42 actionable tasks: 6 executed, 36 up-to-date&#10;" />

      </testcase>

  </testsuite>
</testsuites>
